<?xml version="1.0" encoding="UTF-8"?>
<testsuites>
  <testsuite name="fastlane.lanes">
    
    
    
      
      <testcase classname="fastlane.lanes" name="0: default_platform" time="0.000191">
        
      </testcase>
    
      
      <testcase classname="fastlane.lanes" name="1: clean" time="9.747546">
        
      </testcase>
    
      
      <testcase classname="fastlane.lanes" name="2: assembleProdRelease" time="24.01465">
        
          <failure message="/Library/Ruby/Gems/2.6.0/gems/fastlane-2.229.1/fastlane/lib/fastlane/actions/actions_helper.rb:67:in `execute_action'&#10;/Library/Ruby/Gems/2.6.0/gems/fastlane-2.229.1/fastlane/lib/fastlane/runner.rb:255:in `block in execute_action'&#10;/Library/Ruby/Gems/2.6.0/gems/fastlane-2.229.1/fastlane/lib/fastlane/runner.rb:229:in `chdir'&#10;/Library/Ruby/Gems/2.6.0/gems/fastlane-2.229.1/fastlane/lib/fastlane/runner.rb:229:in `execute_action'&#10;/Library/Ruby/Gems/2.6.0/gems/fastlane-2.229.1/fastlane/lib/fastlane/runner.rb:157:in `trigger_action_by_name'&#10;/Library/Ruby/Gems/2.6.0/gems/fastlane-2.229.1/fastlane/lib/fastlane/fast_file.rb:159:in `method_missing'&#10;Fastfile:13:in `block (2 levels) in parsing_binding'&#10;/Library/Ruby/Gems/2.6.0/gems/fastlane-2.229.1/fastlane/lib/fastlane/lane.rb:41:in `call'&#10;/Library/Ruby/Gems/2.6.0/gems/fastlane-2.229.1/fastlane/lib/fastlane/runner.rb:49:in `block in execute'&#10;/Library/Ruby/Gems/2.6.0/gems/fastlane-2.229.1/fastlane/lib/fastlane/runner.rb:45:in `chdir'&#10;/Library/Ruby/Gems/2.6.0/gems/fastlane-2.229.1/fastlane/lib/fastlane/runner.rb:45:in `execute'&#10;/Library/Ruby/Gems/2.6.0/gems/fastlane-2.229.1/fastlane/lib/fastlane/lane_manager.rb:46:in `cruise_lane'&#10;/Library/Ruby/Gems/2.6.0/gems/fastlane-2.229.1/fastlane/lib/fastlane/command_line_handler.rb:34:in `handle'&#10;/Library/Ruby/Gems/2.6.0/gems/fastlane-2.229.1/fastlane/lib/fastlane/commands_generator.rb:110:in `block (2 levels) in run'&#10;/Library/Ruby/Gems/2.6.0/gems/commander-4.6.0/lib/commander/command.rb:187:in `call'&#10;/Library/Ruby/Gems/2.6.0/gems/commander-4.6.0/lib/commander/command.rb:157:in `run'&#10;/Library/Ruby/Gems/2.6.0/gems/commander-4.6.0/lib/commander/runner.rb:444:in `run_active_command'&#10;/Library/Ruby/Gems/2.6.0/gems/fastlane-2.229.1/fastlane_core/lib/fastlane_core/ui/fastlane_runner.rb:124:in `run!'&#10;/Library/Ruby/Gems/2.6.0/gems/commander-4.6.0/lib/commander/delegates.rb:18:in `run!'&#10;/Library/Ruby/Gems/2.6.0/gems/fastlane-2.229.1/fastlane/lib/fastlane/commands_generator.rb:363:in `run'&#10;/Library/Ruby/Gems/2.6.0/gems/fastlane-2.229.1/fastlane/lib/fastlane/commands_generator.rb:43:in `start'&#10;/Library/Ruby/Gems/2.6.0/gems/fastlane-2.229.1/fastlane/lib/fastlane/cli_tools_distributor.rb:123:in `take_off'&#10;/Library/Ruby/Gems/2.6.0/gems/fastlane-2.229.1/bin/fastlane:23:in `&lt;top (required)&gt;'&#10;/usr/local/bin/fastlane:23:in `load'&#10;/usr/local/bin/fastlane:23:in `&lt;top (required)&gt;'&#10;/System/Library/Frameworks/Ruby.framework/Versions/2.6/usr/lib/ruby/2.6.0/bundler/cli/exec.rb:74:in `load'&#10;/System/Library/Frameworks/Ruby.framework/Versions/2.6/usr/lib/ruby/2.6.0/bundler/cli/exec.rb:74:in `kernel_load'&#10;/System/Library/Frameworks/Ruby.framework/Versions/2.6/usr/lib/ruby/2.6.0/bundler/cli/exec.rb:28:in `run'&#10;/System/Library/Frameworks/Ruby.framework/Versions/2.6/usr/lib/ruby/2.6.0/bundler/cli.rb:463:in `exec'&#10;/System/Library/Frameworks/Ruby.framework/Versions/2.6/usr/lib/ruby/2.6.0/bundler/vendor/thor/lib/thor/command.rb:27:in `run'&#10;/System/Library/Frameworks/Ruby.framework/Versions/2.6/usr/lib/ruby/2.6.0/bundler/vendor/thor/lib/thor/invocation.rb:126:in `invoke_command'&#10;/System/Library/Frameworks/Ruby.framework/Versions/2.6/usr/lib/ruby/2.6.0/bundler/vendor/thor/lib/thor.rb:387:in `dispatch'&#10;/System/Library/Frameworks/Ruby.framework/Versions/2.6/usr/lib/ruby/2.6.0/bundler/cli.rb:27:in `dispatch'&#10;/System/Library/Frameworks/Ruby.framework/Versions/2.6/usr/lib/ruby/2.6.0/bundler/vendor/thor/lib/thor/base.rb:466:in `start'&#10;/System/Library/Frameworks/Ruby.framework/Versions/2.6/usr/lib/ruby/2.6.0/bundler/cli.rb:18:in `start'&#10;/Library/Ruby/Gems/2.6.0/gems/bundler-1.17.2/exe/bundle:30:in `block in &lt;top (required)&gt;'&#10;/System/Library/Frameworks/Ruby.framework/Versions/2.6/usr/lib/ruby/2.6.0/bundler/friendly_errors.rb:124:in `with_friendly_errors'&#10;/Library/Ruby/Gems/2.6.0/gems/bundler-1.17.2/exe/bundle:22:in `&lt;top (required)&gt;'&#10;/usr/bin/bundle:23:in `load'&#10;/usr/bin/bundle:23:in `&lt;main&gt;'&#10;&#10;Exit status of command '/Users/b0268838/Documents/CICDApplication/gradlew assembleProdRelease -p ..' was 1 instead of 0.&#10;&gt; Task :app:preBuild UP-TO-DATE&#10;&gt; Task :app:preProdReleaseBuild UP-TO-DATE&#10;&gt; Task :app:mergeProdReleaseJniLibFolders&#10;&gt; Task :app:mergeProdReleaseNativeLibs NO-SOURCE&#10;&gt; Task :app:stripProdReleaseDebugSymbols NO-SOURCE&#10;&gt; Task :app:extractProdReleaseNativeSymbolTables NO-SOURCE&#10;&gt; Task :app:mergeProdReleaseNativeDebugMetadata NO-SOURCE&#10;&gt; Task :app:checkProdReleaseDuplicateClasses&#10;&gt; Task :app:buildKotlinToolingMetadata&#10;&gt; Task :app:checkKotlinGradlePluginConfigurationErrors SKIPPED&#10;&gt; Task :app:generateProdReleaseResValues&#10;&gt; Task :app:checkProdReleaseAarMetadata&#10;&gt; Task :app:mapProdReleaseSourceSetPaths&#10;&gt; Task :app:generateProdReleaseResources&#10;&gt; Task :app:packageProdReleaseResources&#10;&gt; Task :app:createProdReleaseCompatibleScreenManifests&#10;&gt; Task :app:extractDeepLinksProdRelease&#10;&gt; Task :app:parseProdReleaseLocalResources&#10;&gt; Task :app:processProdReleaseMainManifest&#10;&gt; Task :app:mergeProdReleaseResources&#10;&gt; Task :app:processProdReleaseManifest&#10;&gt; Task :app:javaPreCompileProdRelease&#10;&gt; Task :app:desugarProdReleaseFileDependencies&#10;&gt; Task :app:processProdReleaseManifestForPackage&#10;&gt; Task :app:mergeProdReleaseStartupProfile UP-TO-DATE&#10;&gt; Task :app:processProdReleaseResources&#10;&gt; Task :app:mergeProdReleaseShaders&#10;&gt; Task :app:mergeProdReleaseArtProfile&#10;&gt; Task :app:compileProdReleaseShaders NO-SOURCE&#10;&gt; Task :app:generateProdReleaseAssets UP-TO-DATE&#10;&gt; Task :app:mergeProdReleaseAssets&#10;&gt; Task :app:compressProdReleaseAssets&#10;&gt; Task :app:extractProdReleaseVersionControlInfo&#10;&gt; Task :app:extractProguardFiles&#10;&gt; Task :app:collectProdReleaseDependencies&#10;&gt; Task :app:sdkProdReleaseDependencyData&#10;&gt; Task :app:writeProdReleaseAppMetadata&#10;&gt; Task :app:writeProdReleaseSigningConfigVersions&#10;&gt; Task :app:optimizeProdReleaseResources&#10;&gt; Task :app:compileProdReleaseKotlin&#10;&gt; Task :app:compileProdReleaseJavaWithJavac NO-SOURCE&#10;&gt; Task :app:dexBuilderProdRelease&#10;&gt; Task :app:mergeProdReleaseGlobalSynthetics&#10;&gt; Task :app:generateProdReleaseLintVitalReportModel&#10;&gt; Task :app:processProdReleaseJavaRes&#10;&gt; Task :app:mergeProdReleaseJavaResource&#10;&gt; Task :app:mergeExtDexProdRelease&#10;&gt; Task :app:mergeDexProdRelease&#10;&gt; Task :app:compileProdReleaseArtProfile&#10;&gt; Task :app:lintVitalAnalyzeProdRelease&#10;&gt; Task :app:lintVitalReportProdRelease&#10;&gt; Task :app:lintVitalProdRelease&#10;&gt; Task :app:packageProdRelease FAILED&#10;&#10;[Incubating] Problems report is available at: file:///Users/b0268838/Documents/CICDApplication/build/reports/problems/problems-report.html&#10;&#10;FAILURE: Build failed with an exception.&#10;&#10;* What went wrong:&#10;Execution failed for task ':app:packageProdRelease'.&#10;&gt; A failure occurred while executing com.android.build.gradle.tasks.PackageAndroidArtifact$IncrementalSplitterRunnable&#10;   &gt; SigningConfig &quot;release&quot; is missing required property &quot;storePassword&quot;.&#10;&#10;* Try:&#10;&gt; Run with --stacktrace option to get the stack trace.&#10;&gt; Run with --info or --debug option to get more log output.&#10;&gt; Run with --scan to get full insights.&#10;&gt; Get more help at https://help.gradle.org.&#10;&#10;Deprecated Gradle features were used in this build, making it incompatible with Gradle 9.0.&#10;&#10;You can use '--warning-mode all' to show the individual deprecation warnings and determine if they come from your own scripts or plugins.&#10;&#10;For more on this, please refer to https://docs.gradle.org/8.13/userguide/command_line_interface.html#sec:command_line_warnings in the Gradle documentation.&#10;&#10;BUILD FAILED in 23s&#10;43 actionable tasks: 42 executed, 1 up-to-date&#10;" />
        
      </testcase>
    
  </testsuite>
</testsuites>
